{
"contracts/Marketplace.sol":{"l":{"38":3,"39":3,"43":1,"44":1,"46":1,"47":1,"49":0,"50":0,"53":0,"57":0,"58":0,"59":0,"60":0,"61":0,"66":0,"68":0,"69":0,"73":2,"74":2,"76":2,"103":3,"107":22,"108":21,"109":20,"111":19,"115":2,"117":1,"121":4,"123":3,"124":3,"131":7,"132":7,"134":5,"136":4,"140":2,"141":2,"142":2},"path":"/Users/vlad/Desktop/Solidity/20_NFT_bug/contracts/Marketplace.sol","s":{"1":1,"2":1,"3":1,"4":1,"5":0,"6":0,"7":0,"8":0,"9":0,"10":0,"11":0,"12":0,"13":0,"14":2,"15":2,"16":22,"17":21,"18":20,"19":2,"20":4,"21":3,"22":7,"23":7,"24":5,"25":4,"26":2,"27":2},"b":{"1":[0,1],"2":[0,0],"3":[1,21],"4":[1,20],"5":[1,19],"6":[1,1],"7":[1,3],"8":[2,5],"9":[1,4],"10":[2,2],"11":[2,0],"12":[0,0]},"f":{"1":3,"2":1,"3":0,"4":0,"5":2,"6":3,"7":22,"8":2,"9":4,"10":7},"fnMap":{"1":{"name":"constructor","line":37,"loc":{"start":{"line":37,"column":4},"end":{"line":40,"column":4}}},"2":{"name":"claim","line":42,"loc":{"start":{"line":42,"column":4},"end":{"line":54,"column":4}}},"3":{"name":"payRewards","line":56,"loc":{"start":{"line":56,"column":4},"end":{"line":63,"column":4}}},"4":{"name":"withdrawLastDeposit","line":65,"loc":{"start":{"line":65,"column":4},"end":{"line":70,"column":4}}},"5":{"name":"depositForRewards","line":72,"loc":{"start":{"line":72,"column":4},"end":{"line":77,"column":4}}},"6":{"name":"constructor","line":102,"loc":{"start":{"line":98,"column":4},"end":{"line":104,"column":4}}},"7":{"name":"setForSale","line":106,"loc":{"start":{"line":106,"column":4},"end":{"line":112,"column":4}}},"8":{"name":"discardFromSale","line":114,"loc":{"start":{"line":114,"column":4},"end":{"line":118,"column":4}}},"9":{"name":"postponeSale","line":120,"loc":{"start":{"line":120,"column":4},"end":{"line":128,"column":4}}},"10":{"name":"buy","line":130,"loc":{"start":{"line":130,"column":4},"end":{"line":143,"column":4}}}},"statementMap":{"1":{"start":{"line":43,"column":8},"end":{"line":43,"column":46}},"2":{"start":{"line":44,"column":8},"end":{"line":44,"column":49}},"3":{"start":{"line":46,"column":8},"end":{"line":46,"column":1198}},"4":{"start":{"line":47,"column":12},"end":{"line":47,"column":62}},"5":{"start":{"line":49,"column":12},"end":{"line":49,"column":51}},"6":{"start":{"line":50,"column":12},"end":{"line":50,"column":35}},"7":{"start":{"line":57,"column":8},"end":{"line":57,"column":84}},"8":{"start":{"line":58,"column":8},"end":{"line":58,"column":73}},"9":{"start":{"line":59,"column":8},"end":{"line":59,"column":83}},"10":{"start":{"line":60,"column":8},"end":{"line":60,"column":1768}},"11":{"start":{"line":61,"column":12},"end":{"line":61,"column":52}},"12":{"start":{"line":66,"column":8},"end":{"line":66,"column":27}},"13":{"start":{"line":69,"column":8},"end":{"line":69,"column":43}},"14":{"start":{"line":73,"column":8},"end":{"line":73,"column":63}},"15":{"start":{"line":76,"column":8},"end":{"line":76,"column":59}},"16":{"start":{"line":107,"column":8},"end":{"line":107,"column":75}},"17":{"start":{"line":108,"column":8},"end":{"line":108,"column":61}},"18":{"start":{"line":109,"column":8},"end":{"line":109,"column":63}},"19":{"start":{"line":115,"column":8},"end":{"line":115,"column":75}},"20":{"start":{"line":121,"column":8},"end":{"line":121,"column":75}},"21":{"start":{"line":123,"column":8},"end":{"line":123,"column":46}},"22":{"start":{"line":131,"column":8},"end":{"line":131,"column":50}},"23":{"start":{"line":132,"column":8},"end":{"line":132,"column":54}},"24":{"start":{"line":134,"column":8},"end":{"line":134,"column":76}},"25":{"start":{"line":136,"column":8},"end":{"line":136,"column":4034}},"26":{"start":{"line":140,"column":8},"end":{"line":140,"column":65}},"27":{"start":{"line":141,"column":8},"end":{"line":141,"column":57}}},"branchMap":{"1":{"line":44,"type":"if","locations":[{"start":{"line":44,"column":8},"end":{"line":44,"column":8}},{"start":{"line":44,"column":8},"end":{"line":44,"column":8}}]},"2":{"line":60,"type":"if","locations":[{"start":{"line":60,"column":8},"end":{"line":60,"column":8}},{"start":{"line":60,"column":8},"end":{"line":60,"column":8}}]},"3":{"line":107,"type":"if","locations":[{"start":{"line":107,"column":8},"end":{"line":107,"column":8}},{"start":{"line":107,"column":8},"end":{"line":107,"column":8}}]},"4":{"line":108,"type":"if","locations":[{"start":{"line":108,"column":8},"end":{"line":108,"column":8}},{"start":{"line":108,"column":8},"end":{"line":108,"column":8}}]},"5":{"line":109,"type":"if","locations":[{"start":{"line":109,"column":8},"end":{"line":109,"column":8}},{"start":{"line":109,"column":8},"end":{"line":109,"column":8}}]},"6":{"line":115,"type":"if","locations":[{"start":{"line":115,"column":8},"end":{"line":115,"column":8}},{"start":{"line":115,"column":8},"end":{"line":115,"column":8}}]},"7":{"line":121,"type":"if","locations":[{"start":{"line":121,"column":8},"end":{"line":121,"column":8}},{"start":{"line":121,"column":8},"end":{"line":121,"column":8}}]},"8":{"line":132,"type":"if","locations":[{"start":{"line":132,"column":8},"end":{"line":132,"column":8}},{"start":{"line":132,"column":8},"end":{"line":132,"column":8}}]},"9":{"line":134,"type":"if","locations":[{"start":{"line":134,"column":8},"end":{"line":134,"column":8}},{"start":{"line":134,"column":8},"end":{"line":134,"column":8}}]},"10":{"line":136,"type":"if","locations":[{"start":{"line":136,"column":8},"end":{"line":136,"column":8}},{"start":{"line":136,"column":8},"end":{"line":136,"column":8}}]},"11":{"line":136,"type":"cond-expr","locations":[{"start":{"line":136,"column":12},"end":{"line":136,"column":36}},{"start":{"line":137,"column":12},"end":{"line":137,"column":46}}]},"12":{"line":136,"type":"cond-expr","locations":[{"start":{"line":136,"column":12},"end":{"line":137,"column":46}},{"start":{"line":138,"column":12},"end":{"line":138,"column":46}}]}}},
"contracts/MarketplaceTest.sol":{"l":{"37":3,"38":3,"42":6,"43":6,"45":5,"46":7,"48":7,"49":6,"52":4,"56":7,"57":7,"59":7,"60":6,"61":2,"66":6,"68":6,"69":6,"73":8,"74":8,"76":8,"103":3,"107":29,"108":28,"109":27,"111":26,"115":3,"117":2,"121":4,"123":3,"124":3,"138":13,"139":13,"141":11,"143":10,"147":8,"148":8,"149":8},"path":"/Users/vlad/Desktop/Solidity/20_NFT_bug/contracts/MarketplaceTest.sol","s":{"1":6,"2":6,"3":5,"4":7,"5":7,"6":6,"7":7,"8":7,"9":7,"10":6,"11":2,"12":6,"13":6,"14":8,"15":8,"16":29,"17":28,"18":27,"19":3,"20":4,"21":3,"22":13,"23":13,"24":11,"25":10,"26":8,"27":8},"b":{"1":[1,5],"2":[2,4],"3":[1,28],"4":[1,27],"5":[1,26],"6":[1,2],"7":[1,3],"8":[2,11],"9":[1,10],"10":[2,8],"11":[2,0],"12":[0,0]},"f":{"1":3,"2":6,"3":7,"4":6,"5":8,"6":3,"7":29,"8":3,"9":4,"10":13},"fnMap":{"1":{"name":"constructor","line":36,"loc":{"start":{"line":36,"column":4},"end":{"line":39,"column":4}}},"2":{"name":"claim","line":41,"loc":{"start":{"line":41,"column":4},"end":{"line":53,"column":4}}},"3":{"name":"payRewards","line":55,"loc":{"start":{"line":55,"column":4},"end":{"line":63,"column":4}}},"4":{"name":"withdrawLastDeposit","line":65,"loc":{"start":{"line":65,"column":4},"end":{"line":70,"column":4}}},"5":{"name":"depositForRewards","line":72,"loc":{"start":{"line":72,"column":4},"end":{"line":77,"column":4}}},"6":{"name":"constructor","line":102,"loc":{"start":{"line":98,"column":4},"end":{"line":104,"column":4}}},"7":{"name":"setForSale","line":106,"loc":{"start":{"line":106,"column":4},"end":{"line":112,"column":4}}},"8":{"name":"discardFromSale","line":114,"loc":{"start":{"line":114,"column":4},"end":{"line":118,"column":4}}},"9":{"name":"postponeSale","line":120,"loc":{"start":{"line":120,"column":4},"end":{"line":135,"column":4}}},"10":{"name":"buy","line":137,"loc":{"start":{"line":137,"column":4},"end":{"line":150,"column":4}}}},"statementMap":{"1":{"start":{"line":42,"column":8},"end":{"line":42,"column":46}},"2":{"start":{"line":43,"column":8},"end":{"line":43,"column":49}},"3":{"start":{"line":45,"column":8},"end":{"line":45,"column":1872}},"4":{"start":{"line":46,"column":12},"end":{"line":46,"column":66}},"5":{"start":{"line":48,"column":12},"end":{"line":48,"column":35}},"6":{"start":{"line":49,"column":12},"end":{"line":49,"column":51}},"7":{"start":{"line":56,"column":8},"end":{"line":56,"column":84}},"8":{"start":{"line":57,"column":8},"end":{"line":57,"column":73}},"9":{"start":{"line":59,"column":8},"end":{"line":59,"column":83}},"10":{"start":{"line":60,"column":8},"end":{"line":60,"column":2837}},"11":{"start":{"line":61,"column":12},"end":{"line":61,"column":52}},"12":{"start":{"line":66,"column":8},"end":{"line":66,"column":27}},"13":{"start":{"line":69,"column":8},"end":{"line":69,"column":43}},"14":{"start":{"line":73,"column":8},"end":{"line":73,"column":63}},"15":{"start":{"line":76,"column":8},"end":{"line":76,"column":59}},"16":{"start":{"line":107,"column":8},"end":{"line":107,"column":75}},"17":{"start":{"line":108,"column":8},"end":{"line":108,"column":61}},"18":{"start":{"line":109,"column":8},"end":{"line":109,"column":63}},"19":{"start":{"line":115,"column":8},"end":{"line":115,"column":75}},"20":{"start":{"line":121,"column":8},"end":{"line":121,"column":75}},"21":{"start":{"line":123,"column":8},"end":{"line":123,"column":46}},"22":{"start":{"line":138,"column":8},"end":{"line":138,"column":50}},"23":{"start":{"line":139,"column":8},"end":{"line":139,"column":54}},"24":{"start":{"line":141,"column":8},"end":{"line":141,"column":76}},"25":{"start":{"line":143,"column":8},"end":{"line":143,"column":6347}},"26":{"start":{"line":147,"column":8},"end":{"line":147,"column":65}},"27":{"start":{"line":148,"column":8},"end":{"line":148,"column":57}}},"branchMap":{"1":{"line":43,"type":"if","locations":[{"start":{"line":43,"column":8},"end":{"line":43,"column":8}},{"start":{"line":43,"column":8},"end":{"line":43,"column":8}}]},"2":{"line":60,"type":"if","locations":[{"start":{"line":60,"column":8},"end":{"line":60,"column":8}},{"start":{"line":60,"column":8},"end":{"line":60,"column":8}}]},"3":{"line":107,"type":"if","locations":[{"start":{"line":107,"column":8},"end":{"line":107,"column":8}},{"start":{"line":107,"column":8},"end":{"line":107,"column":8}}]},"4":{"line":108,"type":"if","locations":[{"start":{"line":108,"column":8},"end":{"line":108,"column":8}},{"start":{"line":108,"column":8},"end":{"line":108,"column":8}}]},"5":{"line":109,"type":"if","locations":[{"start":{"line":109,"column":8},"end":{"line":109,"column":8}},{"start":{"line":109,"column":8},"end":{"line":109,"column":8}}]},"6":{"line":115,"type":"if","locations":[{"start":{"line":115,"column":8},"end":{"line":115,"column":8}},{"start":{"line":115,"column":8},"end":{"line":115,"column":8}}]},"7":{"line":121,"type":"if","locations":[{"start":{"line":121,"column":8},"end":{"line":121,"column":8}},{"start":{"line":121,"column":8},"end":{"line":121,"column":8}}]},"8":{"line":139,"type":"if","locations":[{"start":{"line":139,"column":8},"end":{"line":139,"column":8}},{"start":{"line":139,"column":8},"end":{"line":139,"column":8}}]},"9":{"line":141,"type":"if","locations":[{"start":{"line":141,"column":8},"end":{"line":141,"column":8}},{"start":{"line":141,"column":8},"end":{"line":141,"column":8}}]},"10":{"line":143,"type":"if","locations":[{"start":{"line":143,"column":8},"end":{"line":143,"column":8}},{"start":{"line":143,"column":8},"end":{"line":143,"column":8}}]},"11":{"line":143,"type":"cond-expr","locations":[{"start":{"line":143,"column":12},"end":{"line":143,"column":36}},{"start":{"line":144,"column":12},"end":{"line":144,"column":46}}]},"12":{"line":143,"type":"cond-expr","locations":[{"start":{"line":143,"column":12},"end":{"line":144,"column":46}},{"start":{"line":145,"column":12},"end":{"line":145,"column":46}}]}}},
"contracts/test/TestERC20.sol":{"l":{"14":6,"18":0,"22":6,"23":6,"24":6,"28":42,"29":42,"30":42,"32":42,"33":42,"34":42,"35":42,"37":0,"40":42,"41":42,"45":14,"46":14,"47":14,"53":0,"61":10,"62":10,"64":10,"66":10,"67":10,"68":10,"69":10,"71":0,"73":10,"74":10,"75":10,"77":10,"78":10},"path":"/Users/vlad/Desktop/Solidity/20_NFT_bug/contracts/test/TestERC20.sol","s":{"1":6,"2":0,"3":6,"4":6,"5":42,"6":42,"7":42,"8":42,"9":42,"10":42,"11":42,"12":14,"13":14,"14":10,"15":10,"16":10,"17":10,"18":10,"19":10,"20":10,"21":10,"22":10},"b":{"1":[6,0],"2":[42,0],"3":[42,0],"4":[42,0],"5":[10,0],"6":[10,0],"7":[10,0],"8":[10,0]},"f":{"1":6,"2":0,"3":6,"4":42,"5":14,"6":0,"7":10,"8":2},"fnMap":{"1":{"name":"constructor","line":13,"loc":{"start":{"line":13,"column":4},"end":{"line":15,"column":4}}},"2":{"name":"decimals","line":17,"loc":{"start":{"line":17,"column":4},"end":{"line":19,"column":4}}},"3":{"name":"mint","line":21,"loc":{"start":{"line":21,"column":4},"end":{"line":25,"column":4}}},"4":{"name":"transfer","line":27,"loc":{"start":{"line":27,"column":4},"end":{"line":42,"column":4}}},"5":{"name":"approve","line":44,"loc":{"start":{"line":44,"column":4},"end":{"line":48,"column":4}}},"6":{"name":"setDefl","line":52,"loc":{"start":{"line":52,"column":4},"end":{"line":54,"column":4}}},"7":{"name":"transferFrom","line":56,"loc":{"start":{"line":56,"column":4},"end":{"line":79,"column":4}}},"8":{"name":null,"line":81,"loc":{"start":{"line":81,"column":4},"end":{"line":81,"column":25}}}},"statementMap":{"1":{"start":{"line":14,"column":8},"end":{"line":14,"column":43}},"2":{"start":{"line":18,"column":8},"end":{"line":18,"column":17}},"3":{"start":{"line":22,"column":8},"end":{"line":22,"column":52}},"4":{"start":{"line":23,"column":8},"end":{"line":23,"column":57}},"5":{"start":{"line":28,"column":8},"end":{"line":28,"column":53}},"6":{"start":{"line":29,"column":8},"end":{"line":29,"column":63}},"7":{"start":{"line":32,"column":8},"end":{"line":32,"column":55}},"8":{"start":{"line":33,"column":8},"end":{"line":33,"column":91}},"9":{"start":{"line":34,"column":8},"end":{"line":34,"column":1161}},"10":{"start":{"line":40,"column":8},"end":{"line":40,"column":52}},"11":{"start":{"line":41,"column":8},"end":{"line":41,"column":19}},"12":{"start":{"line":46,"column":8},"end":{"line":46,"column":50}},"13":{"start":{"line":47,"column":8},"end":{"line":47,"column":19}},"14":{"start":{"line":61,"column":8},"end":{"line":61,"column":63}},"15":{"start":{"line":62,"column":8},"end":{"line":62,"column":67}},"16":{"start":{"line":66,"column":8},"end":{"line":66,"column":55}},"17":{"start":{"line":67,"column":8},"end":{"line":67,"column":91}},"18":{"start":{"line":68,"column":8},"end":{"line":68,"column":2251}},"19":{"start":{"line":73,"column":8},"end":{"line":73,"column":49}},"20":{"start":{"line":74,"column":8},"end":{"line":74,"column":67}},"21":{"start":{"line":77,"column":8},"end":{"line":77,"column":48}},"22":{"start":{"line":78,"column":8},"end":{"line":78,"column":19}}},"branchMap":{"1":{"line":23,"type":"if","locations":[{"start":{"line":23,"column":8},"end":{"line":23,"column":8}},{"start":{"line":23,"column":8},"end":{"line":23,"column":8}}]},"2":{"line":29,"type":"if","locations":[{"start":{"line":29,"column":8},"end":{"line":29,"column":8}},{"start":{"line":29,"column":8},"end":{"line":29,"column":8}}]},"3":{"line":33,"type":"if","locations":[{"start":{"line":33,"column":8},"end":{"line":33,"column":8}},{"start":{"line":33,"column":8},"end":{"line":33,"column":8}}]},"4":{"line":34,"type":"if","locations":[{"start":{"line":34,"column":8},"end":{"line":34,"column":8}},{"start":{"line":34,"column":8},"end":{"line":34,"column":8}}]},"5":{"line":62,"type":"if","locations":[{"start":{"line":62,"column":8},"end":{"line":62,"column":8}},{"start":{"line":62,"column":8},"end":{"line":62,"column":8}}]},"6":{"line":67,"type":"if","locations":[{"start":{"line":67,"column":8},"end":{"line":67,"column":8}},{"start":{"line":67,"column":8},"end":{"line":67,"column":8}}]},"7":{"line":68,"type":"if","locations":[{"start":{"line":68,"column":8},"end":{"line":68,"column":8}},{"start":{"line":68,"column":8},"end":{"line":68,"column":8}}]},"8":{"line":74,"type":"if","locations":[{"start":{"line":74,"column":8},"end":{"line":74,"column":8}},{"start":{"line":74,"column":8},"end":{"line":74,"column":8}}]}}},
"contracts/test/TestERC721.sol":{"l":{"16":3,"20":0,"21":0,"25":146,"26":146,"27":146,"31":16,"32":16,"34":16,"36":16,"40":10,"41":10,"45":262,"49":116,"53":10,"54":10,"58":10,"60":10,"64":10,"68":53,"69":53,"73":0,"74":0,"78":53,"79":53,"81":53,"83":53,"84":53,"87":53,"89":53,"93":0,"96":0,"99":0,"101":0,"102":0,"104":0,"106":0,"110":10,"111":10,"114":10,"117":10,"119":10,"120":10,"121":10,"123":10,"125":10,"129":16,"130":16},"path":"/Users/vlad/Desktop/Solidity/20_NFT_bug/contracts/test/TestERC721.sol","s":{"1":3,"2":0,"3":0,"4":146,"5":146,"6":146,"7":16,"8":16,"9":16,"10":16,"11":10,"12":10,"13":262,"14":116,"15":10,"16":10,"17":10,"18":10,"19":10,"20":53,"21":0,"22":53,"23":53,"24":53,"25":53,"26":0,"27":0,"28":10,"29":10,"30":10,"31":10,"32":16},"b":{"1":[0,0],"2":[146,0],"3":[16,0],"4":[16,0],"5":[10,0],"6":[0,10],"7":[10,0],"8":[53,0],"9":[53,0],"10":[53,0],"11":[10,0],"12":[10,0],"13":[10,0]},"f":{"1":3,"2":0,"3":146,"4":16,"5":10,"6":262,"7":116,"8":10,"9":10,"10":10,"11":53,"12":0,"13":53,"14":0,"15":10,"16":16},"fnMap":{"1":{"name":"constructor","line":15,"loc":{"start":{"line":15,"column":4},"end":{"line":17,"column":4}}},"2":{"name":"balanceOf","line":19,"loc":{"start":{"line":19,"column":4},"end":{"line":22,"column":4}}},"3":{"name":"ownerOf","line":24,"loc":{"start":{"line":24,"column":4},"end":{"line":28,"column":4}}},"4":{"name":"approve","line":30,"loc":{"start":{"line":30,"column":4},"end":{"line":37,"column":4}}},"5":{"name":"transferFrom","line":39,"loc":{"start":{"line":39,"column":4},"end":{"line":42,"column":4}}},"6":{"name":"_ownerOf","line":44,"loc":{"start":{"line":44,"column":4},"end":{"line":46,"column":4}}},"7":{"name":"_exists","line":48,"loc":{"start":{"line":48,"column":4},"end":{"line":50,"column":4}}},"8":{"name":"_isApprovedOrOwner","line":52,"loc":{"start":{"line":52,"column":4},"end":{"line":55,"column":4}}},"9":{"name":"getApproved","line":57,"loc":{"start":{"line":57,"column":4},"end":{"line":61,"column":4}}},"10":{"name":"_requireMinted","line":63,"loc":{"start":{"line":63,"column":4},"end":{"line":65,"column":4}}},"11":{"name":"mint","line":67,"loc":{"start":{"line":67,"column":4},"end":{"line":70,"column":4}}},"12":{"name":"mintTo","line":72,"loc":{"start":{"line":72,"column":4},"end":{"line":75,"column":4}}},"13":{"name":"_mint","line":77,"loc":{"start":{"line":77,"column":4},"end":{"line":90,"column":4}}},"14":{"name":"_burn","line":92,"loc":{"start":{"line":92,"column":4},"end":{"line":107,"column":4}}},"15":{"name":"_transfer","line":109,"loc":{"start":{"line":109,"column":4},"end":{"line":126,"column":4}}},"16":{"name":"_approve","line":128,"loc":{"start":{"line":128,"column":4},"end":{"line":131,"column":4}}}},"statementMap":{"1":{"start":{"line":16,"column":8},"end":{"line":16,"column":13}},"2":{"start":{"line":20,"column":8},"end":{"line":20,"column":80}},"3":{"start":{"line":21,"column":8},"end":{"line":21,"column":31}},"4":{"start":{"line":25,"column":8},"end":{"line":25,"column":41}},"5":{"start":{"line":26,"column":8},"end":{"line":26,"column":63}},"6":{"start":{"line":27,"column":8},"end":{"line":27,"column":20}},"7":{"start":{"line":31,"column":8},"end":{"line":31,"column":40}},"8":{"start":{"line":32,"column":8},"end":{"line":32,"column":64}},"9":{"start":{"line":34,"column":8},"end":{"line":34,"column":100}},"10":{"start":{"line":36,"column":8},"end":{"line":36,"column":28}},"11":{"start":{"line":40,"column":8},"end":{"line":40,"column":104}},"12":{"start":{"line":41,"column":8},"end":{"line":41,"column":35}},"13":{"start":{"line":45,"column":8},"end":{"line":45,"column":31}},"14":{"start":{"line":49,"column":8},"end":{"line":49,"column":46}},"15":{"start":{"line":53,"column":8},"end":{"line":53,"column":40}},"16":{"start":{"line":54,"column":8},"end":{"line":54,"column":68}},"17":{"start":{"line":58,"column":8},"end":{"line":58,"column":30}},"18":{"start":{"line":60,"column":8},"end":{"line":60,"column":39}},"19":{"start":{"line":64,"column":8},"end":{"line":64,"column":60}},"20":{"start":{"line":68,"column":8},"end":{"line":68,"column":41}},"21":{"start":{"line":73,"column":8},"end":{"line":73,"column":33}},"22":{"start":{"line":78,"column":8},"end":{"line":78,"column":68}},"23":{"start":{"line":79,"column":8},"end":{"line":79,"column":65}},"24":{"start":{"line":81,"column":8},"end":{"line":81,"column":65}},"25":{"start":{"line":89,"column":8},"end":{"line":89,"column":46}},"26":{"start":{"line":93,"column":8},"end":{"line":93,"column":40}},"27":{"start":{"line":106,"column":8},"end":{"line":106,"column":49}},"28":{"start":{"line":110,"column":8},"end":{"line":110,"column":81}},"29":{"start":{"line":111,"column":8},"end":{"line":111,"column":72}},"30":{"start":{"line":114,"column":8},"end":{"line":114,"column":81}},"31":{"start":{"line":125,"column":8},"end":{"line":125,"column":40}},"32":{"start":{"line":130,"column":8},"end":{"line":130,"column":52}}},"branchMap":{"1":{"line":20,"type":"if","locations":[{"start":{"line":20,"column":8},"end":{"line":20,"column":8}},{"start":{"line":20,"column":8},"end":{"line":20,"column":8}}]},"2":{"line":26,"type":"if","locations":[{"start":{"line":26,"column":8},"end":{"line":26,"column":8}},{"start":{"line":26,"column":8},"end":{"line":26,"column":8}}]},"3":{"line":32,"type":"if","locations":[{"start":{"line":32,"column":8},"end":{"line":32,"column":8}},{"start":{"line":32,"column":8},"end":{"line":32,"column":8}}]},"4":{"line":34,"type":"if","locations":[{"start":{"line":34,"column":8},"end":{"line":34,"column":8}},{"start":{"line":34,"column":8},"end":{"line":34,"column":8}}]},"5":{"line":40,"type":"if","locations":[{"start":{"line":40,"column":8},"end":{"line":40,"column":8}},{"start":{"line":40,"column":8},"end":{"line":40,"column":8}}]},"6":{"line":54,"type":"cond-expr","locations":[{"start":{"line":54,"column":16},"end":{"line":54,"column":31}},{"start":{"line":54,"column":36},"end":{"line":54,"column":66}}]},"7":{"line":64,"type":"if","locations":[{"start":{"line":64,"column":8},"end":{"line":64,"column":8}},{"start":{"line":64,"column":8},"end":{"line":64,"column":8}}]},"8":{"line":78,"type":"if","locations":[{"start":{"line":78,"column":8},"end":{"line":78,"column":8}},{"start":{"line":78,"column":8},"end":{"line":78,"column":8}}]},"9":{"line":79,"type":"if","locations":[{"start":{"line":79,"column":8},"end":{"line":79,"column":8}},{"start":{"line":79,"column":8},"end":{"line":79,"column":8}}]},"10":{"line":81,"type":"if","locations":[{"start":{"line":81,"column":8},"end":{"line":81,"column":8}},{"start":{"line":81,"column":8},"end":{"line":81,"column":8}}]},"11":{"line":110,"type":"if","locations":[{"start":{"line":110,"column":8},"end":{"line":110,"column":8}},{"start":{"line":110,"column":8},"end":{"line":110,"column":8}}]},"12":{"line":111,"type":"if","locations":[{"start":{"line":111,"column":8},"end":{"line":111,"column":8}},{"start":{"line":111,"column":8},"end":{"line":111,"column":8}}]},"13":{"line":114,"type":"if","locations":[{"start":{"line":114,"column":8},"end":{"line":114,"column":8}},{"start":{"line":114,"column":8},"end":{"line":114,"column":8}}]}}}}
