TN:
SF:/Users/vlad/Desktop/Solidity/20_NFT_bug/contracts/Marketplace.sol
FN:37,constructor
FN:42,claim
FN:56,payRewards
FN:65,withdrawLastDeposit
FN:72,depositForRewards
FN:102,constructor
FN:106,setForSale
FN:114,discardFromSale
FN:120,postponeSale
FN:130,buy
FNF:10
FNH:8
FNDA:3,constructor
FNDA:1,claim
FNDA:0,payRewards
FNDA:0,withdrawLastDeposit
FNDA:2,depositForRewards
FNDA:3,constructor
FNDA:22,setForSale
FNDA:2,discardFromSale
FNDA:4,postponeSale
FNDA:7,buy
DA:38,3
DA:39,3
DA:43,1
DA:44,1
DA:46,1
DA:47,1
DA:49,0
DA:50,0
DA:53,0
DA:57,0
DA:58,0
DA:59,0
DA:60,0
DA:61,0
DA:66,0
DA:68,0
DA:69,0
DA:73,2
DA:74,2
DA:76,2
DA:103,3
DA:107,22
DA:108,21
DA:109,20
DA:111,19
DA:115,2
DA:117,1
DA:121,4
DA:123,3
DA:124,3
DA:131,7
DA:132,7
DA:134,5
DA:136,4
DA:140,2
DA:141,2
DA:142,2
LF:37
LH:26
BRDA:44,1,0,0
BRDA:44,1,1,1
BRDA:60,2,0,0
BRDA:60,2,1,0
BRDA:107,3,0,1
BRDA:107,3,1,21
BRDA:108,4,0,1
BRDA:108,4,1,20
BRDA:109,5,0,1
BRDA:109,5,1,19
BRDA:115,6,0,1
BRDA:115,6,1,1
BRDA:121,7,0,1
BRDA:121,7,1,3
BRDA:132,8,0,2
BRDA:132,8,1,5
BRDA:134,9,0,1
BRDA:134,9,1,4
BRDA:136,10,0,2
BRDA:136,10,1,2
BRDA:136,11,0,2
BRDA:136,11,1,0
BRDA:136,12,0,0
BRDA:136,12,1,0
BRF:24
BRH:18
end_of_record
TN:
SF:/Users/vlad/Desktop/Solidity/20_NFT_bug/contracts/MarketplaceTest.sol
FN:37,constructor
FN:42,claim
FN:56,payRewards
FN:67,withdrawLastDeposit
FN:74,depositForRewards
FN:104,constructor
FN:108,setForSale
FN:116,discardFromSale
FN:122,postponeSale
FN:139,buy
FNF:10
FNH:10
FNDA:3,constructor
FNDA:5,claim
FNDA:6,payRewards
FNDA:5,withdrawLastDeposit
FNDA:7,depositForRewards
FNDA:3,constructor
FNDA:27,setForSale
FNDA:2,discardFromSale
FNDA:4,postponeSale
FNDA:12,buy
DA:38,3
DA:39,3
DA:43,5
DA:44,5
DA:46,4
DA:47,6
DA:49,6
DA:50,5
DA:53,3
DA:57,6
DA:58,6
DA:60,6
DA:62,5
DA:63,2
DA:68,5
DA:70,5
DA:71,5
DA:75,7
DA:76,7
DA:78,7
DA:105,3
DA:109,27
DA:110,26
DA:111,25
DA:113,24
DA:117,2
DA:119,1
DA:123,4
DA:125,3
DA:126,3
DA:140,12
DA:141,12
DA:143,10
DA:145,9
DA:149,7
DA:150,7
DA:151,7
LF:37
LH:37
BRDA:44,1,0,1
BRDA:44,1,1,4
BRDA:62,2,0,2
BRDA:62,2,1,3
BRDA:109,3,0,1
BRDA:109,3,1,26
BRDA:110,4,0,1
BRDA:110,4,1,25
BRDA:111,5,0,1
BRDA:111,5,1,24
BRDA:117,6,0,1
BRDA:117,6,1,1
BRDA:123,7,0,1
BRDA:123,7,1,3
BRDA:141,8,0,2
BRDA:141,8,1,10
BRDA:143,9,0,1
BRDA:143,9,1,9
BRDA:145,10,0,2
BRDA:145,10,1,7
BRDA:145,11,0,2
BRDA:145,11,1,0
BRDA:145,12,0,0
BRDA:145,12,1,0
BRF:24
BRH:21
end_of_record
TN:
SF:/Users/vlad/Desktop/Solidity/20_NFT_bug/contracts/test/TestERC20.sol
FN:13,constructor
FN:17,decimals
FN:21,mint
FN:27,transfer
FN:44,approve
FN:52,setDefl
FN:56,transferFrom
FN:81,
FNF:8
FNH:6
FNDA:6,constructor
FNDA:0,decimals
FNDA:6,mint
FNDA:39,transfer
FNDA:13,approve
FNDA:0,setDefl
FNDA:9,transferFrom
FNDA:2,
DA:14,6
DA:18,0
DA:22,6
DA:23,6
DA:24,6
DA:28,39
DA:29,39
DA:30,39
DA:32,39
DA:33,39
DA:34,39
DA:35,39
DA:37,0
DA:40,39
DA:41,39
DA:45,13
DA:46,13
DA:47,13
DA:53,0
DA:61,9
DA:62,9
DA:64,9
DA:66,9
DA:67,9
DA:68,9
DA:69,9
DA:71,0
DA:73,9
DA:74,9
DA:75,9
DA:77,9
DA:78,9
LF:32
LH:28
BRDA:23,1,0,6
BRDA:23,1,1,0
BRDA:29,2,0,39
BRDA:29,2,1,0
BRDA:33,3,0,39
BRDA:33,3,1,0
BRDA:34,4,0,39
BRDA:34,4,1,0
BRDA:62,5,0,9
BRDA:62,5,1,0
BRDA:67,6,0,9
BRDA:67,6,1,0
BRDA:68,7,0,9
BRDA:68,7,1,0
BRDA:74,8,0,9
BRDA:74,8,1,0
BRF:16
BRH:8
end_of_record
TN:
SF:/Users/vlad/Desktop/Solidity/20_NFT_bug/contracts/test/TestERC721.sol
FN:15,constructor
FN:19,balanceOf
FN:24,ownerOf
FN:30,approve
FN:39,transferFrom
FN:44,_ownerOf
FN:48,_exists
FN:52,_isApprovedOrOwner
FN:57,getApproved
FN:63,_requireMinted
FN:67,mint
FN:72,mintTo
FN:77,_mint
FN:92,_burn
FN:109,_transfer
FN:128,_approve
FNF:16
FNH:13
FNDA:3,constructor
FNDA:0,balanceOf
FNDA:137,ownerOf
FNDA:15,approve
FNDA:9,transferFrom
FNDA:246,_ownerOf
FNDA:109,_exists
FNDA:9,_isApprovedOrOwner
FNDA:9,getApproved
FNDA:9,_requireMinted
FNDA:50,mint
FNDA:0,mintTo
FNDA:50,_mint
FNDA:0,_burn
FNDA:9,_transfer
FNDA:15,_approve
DA:16,3
DA:20,0
DA:21,0
DA:25,137
DA:26,137
DA:27,137
DA:31,15
DA:32,15
DA:34,15
DA:36,15
DA:40,9
DA:41,9
DA:45,246
DA:49,109
DA:53,9
DA:54,9
DA:58,9
DA:60,9
DA:64,9
DA:68,50
DA:69,50
DA:73,0
DA:74,0
DA:78,50
DA:79,50
DA:81,50
DA:83,50
DA:84,50
DA:87,50
DA:89,50
DA:93,0
DA:96,0
DA:99,0
DA:101,0
DA:102,0
DA:104,0
DA:106,0
DA:110,9
DA:111,9
DA:114,9
DA:117,9
DA:119,9
DA:120,9
DA:121,9
DA:123,9
DA:125,9
DA:129,15
DA:130,15
LF:48
LH:37
BRDA:20,1,0,0
BRDA:20,1,1,0
BRDA:26,2,0,137
BRDA:26,2,1,0
BRDA:32,3,0,15
BRDA:32,3,1,0
BRDA:34,4,0,15
BRDA:34,4,1,0
BRDA:40,5,0,9
BRDA:40,5,1,0
BRDA:54,6,0,0
BRDA:54,6,1,9
BRDA:64,7,0,9
BRDA:64,7,1,0
BRDA:78,8,0,50
BRDA:78,8,1,0
BRDA:79,9,0,50
BRDA:79,9,1,0
BRDA:81,10,0,50
BRDA:81,10,1,0
BRDA:110,11,0,9
BRDA:110,11,1,0
BRDA:111,12,0,9
BRDA:111,12,1,0
BRDA:114,13,0,9
BRDA:114,13,1,0
BRF:26
BRH:12
end_of_record
